[51.002979279] 2020-02-21 16:44:30,202 - INFO - launcher: Starting sanity checks
[51.002979279] 2020-02-21 16:44:30,202 - INFO - launcher: Checking for Python 3.5+
[51.002979279] 2020-02-21 16:44:30,202 - INFO - launcher: Checking console encoding
[52.002906799] 2020-02-21 16:44:30,203 - INFO - launcher: Setting console encoding to UTF-8
[52.002906799] 2020-02-21 16:44:30,203 - INFO - launcher: Ensuring we're in the right environment
[54.003000259] 2020-02-21 16:44:30,205 - INFO - launcher: Adding local bins/ folder to path
[1270.072698593] 2020-02-21 16:44:31,421 - INFO - launcher: Required checks passed.
[1271.072626114] 2020-02-21 16:44:31,422 - INFO - launcher: Optional checks passed.
[1272.072553635] 2020-02-21 16:44:31,423 - INFO - launcher: Moving old musicbot log

######################### PRE-RUN SANITY CHECKS PASSED #########################

[2.3011317253112793] 2020-02-21 16:44:32,452 - WARNING - musicbot.config | In config.py::MainThread(2940), line 121 in run_checks: i18n file does not exist. Trying to fallback to config/i18n/en.json.
[2.3011317253112793] 2020-02-21 16:44:32,452 - INFO - musicbot.config | In config.py::MainThread(2940), line 132 in run_checks: Using i18n: config/i18n/en.json
[2.3041317462921143] 2020-02-21 16:44:32,455 - DEBUG - musicbot.bot | In bot.py::MainThread(2940), line 225 in _setup_logging: Set logging level to INFO
[2.3061318397521973] 2020-02-21 16:44:32,457 - DEBUG - musicbot.json | In json.py::MainThread(2940), line 8 in __init__: Init JSON obj with config/i18n/en.json
[2.3481342792510986] 2020-02-21 16:44:32,499 - INFO - musicbot.bot | In bot.py::MainThread(2940), line 90 in __init__: Starting MusicBot version_unknown
[2.3481342792510986] 2020-02-21 16:44:32,499 - INFO - musicbot.bot | In bot.py::MainThread(2940), line 96 in __init__: Loaded autoplaylist with 2531 entries
[5.4523117542266846] 2020-02-21 16:44:35,603 - DEBUG - musicbot.bot | In bot.py::MainThread(2940), line 951 in on_ready: Connection established, ready to go.
[5.4523117542266846] 2020-02-21 16:44:35,603 - DEBUG - musicbot.bot | In bot.py::MainThread(2940), line 342 in _cache_app_info: Caching app info
[5.6983258724212646] 2020-02-21 16:44:35,849 - DEBUG - musicbot.bot | In bot.py::MainThread(2940), line 773 in _scheck_ensure_env: Ensuring data folders exist
[5.6993260383605957] 2020-02-21 16:44:35,850 - DEBUG - musicbot.bot | In bot.py::MainThread(2940), line 789 in _scheck_server_permissions: Checking server permissions
[5.6993260383605957] 2020-02-21 16:44:35,850 - DEBUG - musicbot.bot | In bot.py::MainThread(2940), line 793 in _scheck_autoplaylist: Auditing autoplaylist
[5.6993260383605957] 2020-02-21 16:44:35,850 - DEBUG - musicbot.bot | In bot.py::MainThread(2940), line 797 in _scheck_configs: Validating config
[5.6993260383605957] 2020-02-21 16:44:35,850 - DEBUG - musicbot.config | In config.py::MainThread(2940), line 236 in async_validate: Validating options...
[5.7003259658813477] 2020-02-21 16:44:35,851 - DEBUG - musicbot.config | In config.py::MainThread(2940), line 250 in async_validate: Acquired owner id via API
[5.7003259658813477] 2020-02-21 16:44:35,851 - DEBUG - musicbot.bot | In bot.py::MainThread(2940), line 800 in _scheck_configs: Validating permissions config
[5.7003259658813477] 2020-02-21 16:44:35,851 - DEBUG - musicbot.permissions | In permissions.py::MainThread(2940), line 94 in async_validate: Validating permissions...
[5.7003259658813477] 2020-02-21 16:44:35,851 - DEBUG - musicbot.permissions | In permissions.py::MainThread(2940), line 98 in async_validate: Fixing automatic owner group
[5.7003259658813477] 2020-02-21 16:44:35,851 - INFO - musicbot.bot | In bot.py::MainThread(2940), line 968 in on_ready: Connected: 680279671329521664/뗑컨봇#0729
[5.7043263912200928] 2020-02-21 16:44:35,855 - INFO - musicbot.bot | In bot.py::MainThread(2940), line 976 in on_ready: Owner:     334335148390875137/병준#6961

[5.7053263187408447] 2020-02-21 16:44:35,856 - INFO - musicbot.bot | In bot.py::MainThread(2940), line 979 in on_ready: Guild List:
[5.7053263187408447] 2020-02-21 16:44:35,856 - INFO - musicbot.bot | In bot.py::MainThread(2940), line 983 in on_ready:  - 버근가
[5.7063264846801758] 2020-02-21 16:44:35,857 - ERROR - musicbot.bot | In bot.py::MainThread(2940), line 939 in on_error: Exception in on_ready
Traceback (most recent call last):
  File "C:\Users\User01\Desktop\python\lib\site-packages\discord\client.py", line 270, in _run_event
    await coro(*args, **kwargs)
  File "C:\Users\User01\Desktop\musicbot\MusicBot\musicbot\bot.py", line 1013, in on_ready
    print(flush=True)
  File "C:\Users\User01\Desktop\python\lib\site-packages\colorama\ansitowin32.py", line 41, in write
    self.__convertor.write(text)
  File "C:\Users\User01\Desktop\python\lib\site-packages\colorama\ansitowin32.py", line 162, in write
    self.write_and_convert(text)
  File "C:\Users\User01\Desktop\python\lib\site-packages\colorama\ansitowin32.py", line 190, in write_and_convert
    self.write_plain_text(text, cursor, len(text))
  File "C:\Users\User01\Desktop\python\lib\site-packages\colorama\ansitowin32.py", line 195, in write_plain_text
    self.wrapped.write(text[start:end])
PermissionError: [WinError 31] 시스템에 부착된 장치가 작동하지 않습니다
[22.1532671451568604] 2020-02-21 16:44:52,304 - INFO - musicbot.bot | In bot.py::MainThread(2940), line 2706 in on_message: 334335148390875137/병준#6961: //들여보내기
[22.6862974166870117] 2020-02-21 16:44:52,837 - DEBUG - musicbot.bot | In bot.py::MainThread(2940), line 733 in deserialize_queue: Deserializing queue for 677391960935497762
[23.0873205661773682] 2020-02-21 16:44:53,238 - WARNING - musicbot.entry | In entry.py::MainThread(2940), line 136 in _deserialize: Cannot find channel in an entry loaded from persistent queue. Chennel id: 680061237744369693
[23.0933208465576172] 2020-02-21 16:44:53,244 - WARNING - musicbot.entry | In entry.py::MainThread(2940), line 136 in _deserialize: Cannot find channel in an entry loaded from persistent queue. Chennel id: 680061237744369693
[23.1153221130371094] 2020-02-21 16:44:53,266 - DEBUG - musicbot.bot | In bot.py::MainThread(2940), line 425 in get_player: Created player via deserialization for guild 677391960935497762 with 2 entries
[23.1163222789764404] 2020-02-21 16:44:53,267 - INFO - musicbot.bot | In bot.py::MainThread(2940), line 1935 in cmd_들여보내기: Joining 버근가/주지딱대
[23.1173222064971924] 2020-02-21 16:44:53,268 - DEBUG - musicbot.entry | In entry.py::MainThread(2940), line 56 in get_ready_future: Created future for audio_cache\youtube-ed8NprdYwTI-2020_2_21_3_KPOP_Chart.webm
[23.1183223724365234] 2020-02-21 16:44:53,269 - DEBUG - musicbot.entry | In entry.py::MainThread(2940), line 56 in get_ready_future: Created future for audio_cache\youtube-ed8NprdYwTI-2020_2_21_3_KPOP_Chart.webm
[23.1183223724365234] 2020-02-21 16:44:53,269 - FFMPEG - musicbot.player | In player.py::MainThread(2940), line 293 in _play: Creating player with options: -nostdin -vn audio_cache\youtube-ed8NprdYwTI-2020_2_21_3_KPOP_Chart.webm
[23.1273226737976074] 2020-02-21 16:44:53,278 - DEBUG - musicbot.player | In player.py::MainThread(2940), line 306 in _play: Playing <musicbot.player.SourcePlaybackCounter object at 0x0455B710> using <discord.voice_client.VoiceClient object at 0x0441A270>
[23.1293230056762695] 2020-02-21 16:44:53,280 - DEBUG - musicbot.bot | In bot.py::MainThread(2940), line 460 in on_player_play: Running on_player_play
[23.1303231716156006] 2020-02-21 16:44:53,281 - DEBUG - musicbot.bot | In bot.py::MainThread(2940), line 709 in serialize_queue: Serializing queue for 677391960935497762
[23.1313230991363525] 2020-02-21 16:44:53,282 - DEBUG - musicbot.bot | In bot.py::MainThread(2940), line 514 in on_player_play: no channel to put now playing message into
[30.4937438964843750] 2020-02-21 16:45:00,645 - INFO - musicbot.bot | In bot.py::MainThread(2940), line 2706 in on_message: 334335148390875137/병준#6961: //노래검색 멜론차트
[84.0628082752227783] 2020-02-21 16:45:54,214 - INFO - musicbot.bot | In bot.py::MainThread(2940), line 2706 in on_message: 334335148390875137/병준#6961: //재생목록
[90.7551908493041992] 2020-02-21 16:46:00,906 - INFO - musicbot.bot | In bot.py::MainThread(2940), line 2706 in on_message: 334335148390875137/병준#6961: //노래제거 1
[113.9025149345397949] 2020-02-21 16:46:24,054 - INFO - musicbot.bot | In bot.py::MainThread(2940), line 2706 in on_message: 334335148390875137/병준#6961: //재생목록
[131.8475410938262939] 2020-02-21 16:46:41,999 - INFO - musicbot.bot | In bot.py::MainThread(2940), line 2706 in on_message: 334335148390875137/병준#6961: //봇끄기
